Gym has been unmaintained since 2022 and does not support NumPy 2.0 amongst other critical functionality.
Please upgrade to Gymnasium, the maintained drop-in replacement of Gym, or contact the authors of your software and request that they upgrade.
See the migration guide at https://gymnasium.farama.org/introduction/migration_guide/ for additional information.
Could not import groundingdino. This is OK if you are only using the client.
Could not import lavis. This is OK if you are only using the client.
Could not import yolov7. This is OK if you are only using the client.
Could not import lavis. This is OK if you are only using the client.
Error executing job with overrides: []
Traceback (most recent call last):
  File "/home/nd/vln_edge_task/envs/vlfm_standard/lib/python3.9/runpy.py", line 197, in _run_module_as_main
    return _run_code(code, main_globals, None,
  File "/home/nd/vln_edge_task/envs/vlfm_standard/lib/python3.9/runpy.py", line 87, in _run_code
    exec(code, run_globals)
  File "/home/nd/vln_edge_task/external/vlfm/vlfm/run.py", line 59, in <module>
    main()
  File "/home/nd/vln_edge_task/envs/vlfm_standard/lib/python3.9/site-packages/hydra/main.py", line 94, in decorated_main
    _run_hydra(
  File "/home/nd/vln_edge_task/envs/vlfm_standard/lib/python3.9/site-packages/hydra/_internal/utils.py", line 394, in _run_hydra
    _run_app(
  File "/home/nd/vln_edge_task/envs/vlfm_standard/lib/python3.9/site-packages/hydra/_internal/utils.py", line 457, in _run_app
    run_and_report(
  File "/home/nd/vln_edge_task/envs/vlfm_standard/lib/python3.9/site-packages/hydra/_internal/utils.py", line 223, in run_and_report
    raise ex
  File "/home/nd/vln_edge_task/envs/vlfm_standard/lib/python3.9/site-packages/hydra/_internal/utils.py", line 220, in run_and_report
    return func()
  File "/home/nd/vln_edge_task/envs/vlfm_standard/lib/python3.9/site-packages/hydra/_internal/utils.py", line 458, in <lambda>
    lambda: hydra.run(
  File "/home/nd/vln_edge_task/envs/vlfm_standard/lib/python3.9/site-packages/hydra/_internal/hydra.py", line 132, in run
    _ = ret.return_value
  File "/home/nd/vln_edge_task/envs/vlfm_standard/lib/python3.9/site-packages/hydra/core/utils.py", line 260, in return_value
    raise self._return_value
  File "/home/nd/vln_edge_task/envs/vlfm_standard/lib/python3.9/site-packages/hydra/core/utils.py", line 186, in run_job
    ret.return_value = task_function(task_cfg)
  File "/home/nd/vln_edge_task/external/vlfm/vlfm/run.py", line 55, in main
    execute_exp(cfg, "eval" if cfg.habitat_baselines.evaluate else "train")
  File "/home/nd/vln_edge_task/envs/vlfm_standard/lib/python3.9/site-packages/habitat_baselines/run.py", line 62, in execute_exp
    trainer.eval()
  File "/home/nd/vln_edge_task/envs/vlfm_standard/lib/python3.9/site-packages/habitat_baselines/common/base_trainer.py", line 132, in eval
    self._eval_checkpoint(
  File "/home/nd/vln_edge_task/external/vlfm/vlfm/utils/vlfm_trainer.py", line 72, in _eval_checkpoint
    ckpt_dict = self.load_checkpoint(checkpoint_path, map_location="cpu")
  File "/home/nd/vln_edge_task/envs/vlfm_standard/lib/python3.9/site-packages/habitat_baselines/rl/ppo/ppo_trainer.py", line 324, in load_checkpoint
    return torch.load(checkpoint_path, *args, **kwargs)
  File "/home/nd/vln_edge_task/envs/vlfm_standard/lib/python3.9/site-packages/torch/serialization.py", line 1529, in load
    raise pickle.UnpicklingError(_get_wo_message(str(e))) from None
_pickle.UnpicklingError: Weights only load failed. This file can still be loaded, to do so you have two options, [1mdo those steps only if you trust the source of the checkpoint[0m. 
	(1) In PyTorch 2.6, we changed the default value of the `weights_only` argument in `torch.load` from `False` to `True`. Re-running `torch.load` with `weights_only` set to `False` will likely succeed, but it can result in arbitrary code execution. Do it only if you got the file from a trusted source.
	(2) Alternatively, to load with `weights_only=True` please check the recommended steps in the following error message.
	WeightsUnpickler error: Unsupported global: GLOBAL omegaconf.dictconfig.DictConfig was not an allowed global by default. Please use `torch.serialization.add_safe_globals([omegaconf.dictconfig.DictConfig])` or the `torch.serialization.safe_globals([omegaconf.dictconfig.DictConfig])` context manager to allowlist this global if you trust this class/function.

Check the documentation of torch.load to learn more about types accepted by default with weights_only https://pytorch.org/docs/stable/generated/torch.load.html.
