Gym has been unmaintained since 2022 and does not support NumPy 2.0 amongst other critical functionality.
Please upgrade to Gymnasium, the maintained drop-in replacement of Gym, or contact the authors of your software and request that they upgrade.
See the migration guide at https://gymnasium.farama.org/introduction/migration_guide/ for additional information.
Traceback (most recent call last):
  File "/home/nd/vln_edge_task/envs/vlfm_official5090/lib/python3.9/site-packages/hydra/_internal/config_loader_impl.py", line 542, in _compose_config_from_defaults_list
    cfg.merge_with(loaded.config)
  File "/home/nd/vln_edge_task/envs/vlfm_official5090/lib/python3.9/site-packages/omegaconf/basecontainer.py", line 492, in merge_with
    self._format_and_raise(key=None, value=None, cause=e)
  File "/home/nd/vln_edge_task/envs/vlfm_official5090/lib/python3.9/site-packages/omegaconf/base.py", line 231, in _format_and_raise
    format_and_raise(
  File "/home/nd/vln_edge_task/envs/vlfm_official5090/lib/python3.9/site-packages/omegaconf/_utils.py", line 819, in format_and_raise
    _raise(ex, cause)
  File "/home/nd/vln_edge_task/envs/vlfm_official5090/lib/python3.9/site-packages/omegaconf/_utils.py", line 797, in _raise
    raise ex.with_traceback(sys.exc_info()[2])  # set env var OC_CAUSE=1 for full trace
  File "/home/nd/vln_edge_task/envs/vlfm_official5090/lib/python3.9/site-packages/omegaconf/basecontainer.py", line 490, in merge_with
    self._merge_with(*others)
  File "/home/nd/vln_edge_task/envs/vlfm_official5090/lib/python3.9/site-packages/omegaconf/basecontainer.py", line 514, in _merge_with
    BaseContainer._map_merge(self, other)
  File "/home/nd/vln_edge_task/envs/vlfm_official5090/lib/python3.9/site-packages/omegaconf/basecontainer.py", line 399, in _map_merge
    dest_node._merge_with(src_node)
  File "/home/nd/vln_edge_task/envs/vlfm_official5090/lib/python3.9/site-packages/omegaconf/basecontainer.py", line 514, in _merge_with
    BaseContainer._map_merge(self, other)
  File "/home/nd/vln_edge_task/envs/vlfm_official5090/lib/python3.9/site-packages/omegaconf/basecontainer.py", line 399, in _map_merge
    dest_node._merge_with(src_node)
  File "/home/nd/vln_edge_task/envs/vlfm_official5090/lib/python3.9/site-packages/omegaconf/basecontainer.py", line 514, in _merge_with
    BaseContainer._map_merge(self, other)
  File "/home/nd/vln_edge_task/envs/vlfm_official5090/lib/python3.9/site-packages/omegaconf/basecontainer.py", line 399, in _map_merge
    dest_node._merge_with(src_node)
  File "/home/nd/vln_edge_task/envs/vlfm_official5090/lib/python3.9/site-packages/omegaconf/basecontainer.py", line 514, in _merge_with
    BaseContainer._map_merge(self, other)
  File "/home/nd/vln_edge_task/envs/vlfm_official5090/lib/python3.9/site-packages/omegaconf/basecontainer.py", line 401, in _map_merge
    dest.__setitem__(key, src_node)
  File "/home/nd/vln_edge_task/envs/vlfm_official5090/lib/python3.9/site-packages/omegaconf/dictconfig.py", line 314, in __setitem__
    self._format_and_raise(key=key, value=value, cause=e)
  File "/home/nd/vln_edge_task/envs/vlfm_official5090/lib/python3.9/site-packages/omegaconf/base.py", line 231, in _format_and_raise
    format_and_raise(
  File "/home/nd/vln_edge_task/envs/vlfm_official5090/lib/python3.9/site-packages/omegaconf/_utils.py", line 899, in format_and_raise
    _raise(ex, cause)
  File "/home/nd/vln_edge_task/envs/vlfm_official5090/lib/python3.9/site-packages/omegaconf/_utils.py", line 797, in _raise
    raise ex.with_traceback(sys.exc_info()[2])  # set env var OC_CAUSE=1 for full trace
  File "/home/nd/vln_edge_task/envs/vlfm_official5090/lib/python3.9/site-packages/omegaconf/dictconfig.py", line 308, in __setitem__
    self.__set_impl(key=key, value=value)
  File "/home/nd/vln_edge_task/envs/vlfm_official5090/lib/python3.9/site-packages/omegaconf/dictconfig.py", line 318, in __set_impl
    self._set_item_impl(key, value)
  File "/home/nd/vln_edge_task/envs/vlfm_official5090/lib/python3.9/site-packages/omegaconf/basecontainer.py", line 545, in _set_item_impl
    self._validate_set(key, value)
  File "/home/nd/vln_edge_task/envs/vlfm_official5090/lib/python3.9/site-packages/omegaconf/dictconfig.py", line 207, in _validate_set
    self._raise_invalid_value(value, value_type, target_type)
  File "/home/nd/vln_edge_task/envs/vlfm_official5090/lib/python3.9/site-packages/omegaconf/dictconfig.py", line 272, in _raise_invalid_value
    raise ValidationError(msg)
omegaconf.errors.ValidationError: Invalid type assigned: str is not a subclass of PolicyConfig. value: HabitatITMPolicy
    full_key: habitat_baselines.rl.policy.name
    reference_type=Dict[str, PolicyConfig]
    object_type=dict

During handling of the above exception, another exception occurred:

Traceback (most recent call last):
  File "/home/nd/vln_edge_task/envs/vlfm_official5090/lib/python3.9/runpy.py", line 197, in _run_module_as_main
    return _run_code(code, main_globals, None,
  File "/home/nd/vln_edge_task/envs/vlfm_official5090/lib/python3.9/runpy.py", line 87, in _run_code
    exec(code, run_globals)
  File "/home/nd/vln_edge_task/external/vlfm/vlfm/run.py", line 59, in <module>
    main()
  File "/home/nd/vln_edge_task/envs/vlfm_official5090/lib/python3.9/site-packages/hydra/main.py", line 94, in decorated_main
    _run_hydra(
  File "/home/nd/vln_edge_task/envs/vlfm_official5090/lib/python3.9/site-packages/hydra/_internal/utils.py", line 394, in _run_hydra
    _run_app(
  File "/home/nd/vln_edge_task/envs/vlfm_official5090/lib/python3.9/site-packages/hydra/_internal/utils.py", line 457, in _run_app
    run_and_report(
  File "/home/nd/vln_edge_task/envs/vlfm_official5090/lib/python3.9/site-packages/hydra/_internal/utils.py", line 223, in run_and_report
    raise ex
  File "/home/nd/vln_edge_task/envs/vlfm_official5090/lib/python3.9/site-packages/hydra/_internal/utils.py", line 220, in run_and_report
    return func()
  File "/home/nd/vln_edge_task/envs/vlfm_official5090/lib/python3.9/site-packages/hydra/_internal/utils.py", line 458, in <lambda>
    lambda: hydra.run(
  File "/home/nd/vln_edge_task/envs/vlfm_official5090/lib/python3.9/site-packages/hydra/_internal/hydra.py", line 105, in run
    cfg = self.compose_config(
  File "/home/nd/vln_edge_task/envs/vlfm_official5090/lib/python3.9/site-packages/hydra/_internal/hydra.py", line 594, in compose_config
    cfg = self.config_loader.load_configuration(
  File "/home/nd/vln_edge_task/envs/vlfm_official5090/lib/python3.9/site-packages/hydra/_internal/config_loader_impl.py", line 142, in load_configuration
    return self._load_configuration_impl(
  File "/home/nd/vln_edge_task/envs/vlfm_official5090/lib/python3.9/site-packages/hydra/_internal/config_loader_impl.py", line 263, in _load_configuration_impl
    cfg = self._compose_config_from_defaults_list(
  File "/home/nd/vln_edge_task/envs/vlfm_official5090/lib/python3.9/site-packages/hydra/_internal/config_loader_impl.py", line 544, in _compose_config_from_defaults_list
    raise ConfigCompositionException(
  File "/home/nd/vln_edge_task/envs/vlfm_official5090/lib/python3.9/site-packages/hydra/_internal/config_loader_impl.py", line 542, in _compose_config_from_defaults_list
    cfg.merge_with(loaded.config)
  File "/home/nd/vln_edge_task/envs/vlfm_official5090/lib/python3.9/site-packages/omegaconf/basecontainer.py", line 492, in merge_with
    self._format_and_raise(key=None, value=None, cause=e)
  File "/home/nd/vln_edge_task/envs/vlfm_official5090/lib/python3.9/site-packages/omegaconf/base.py", line 231, in _format_and_raise
    format_and_raise(
  File "/home/nd/vln_edge_task/envs/vlfm_official5090/lib/python3.9/site-packages/omegaconf/_utils.py", line 819, in format_and_raise
    _raise(ex, cause)
  File "/home/nd/vln_edge_task/envs/vlfm_official5090/lib/python3.9/site-packages/omegaconf/_utils.py", line 797, in _raise
    raise ex.with_traceback(sys.exc_info()[2])  # set env var OC_CAUSE=1 for full trace
  File "/home/nd/vln_edge_task/envs/vlfm_official5090/lib/python3.9/site-packages/omegaconf/basecontainer.py", line 490, in merge_with
    self._merge_with(*others)
  File "/home/nd/vln_edge_task/envs/vlfm_official5090/lib/python3.9/site-packages/omegaconf/basecontainer.py", line 514, in _merge_with
    BaseContainer._map_merge(self, other)
  File "/home/nd/vln_edge_task/envs/vlfm_official5090/lib/python3.9/site-packages/omegaconf/basecontainer.py", line 399, in _map_merge
    dest_node._merge_with(src_node)
  File "/home/nd/vln_edge_task/envs/vlfm_official5090/lib/python3.9/site-packages/omegaconf/basecontainer.py", line 514, in _merge_with
    BaseContainer._map_merge(self, other)
  File "/home/nd/vln_edge_task/envs/vlfm_official5090/lib/python3.9/site-packages/omegaconf/basecontainer.py", line 399, in _map_merge
    dest_node._merge_with(src_node)
  File "/home/nd/vln_edge_task/envs/vlfm_official5090/lib/python3.9/site-packages/omegaconf/basecontainer.py", line 514, in _merge_with
    BaseContainer._map_merge(self, other)
  File "/home/nd/vln_edge_task/envs/vlfm_official5090/lib/python3.9/site-packages/omegaconf/basecontainer.py", line 399, in _map_merge
    dest_node._merge_with(src_node)
  File "/home/nd/vln_edge_task/envs/vlfm_official5090/lib/python3.9/site-packages/omegaconf/basecontainer.py", line 514, in _merge_with
    BaseContainer._map_merge(self, other)
  File "/home/nd/vln_edge_task/envs/vlfm_official5090/lib/python3.9/site-packages/omegaconf/basecontainer.py", line 401, in _map_merge
    dest.__setitem__(key, src_node)
  File "/home/nd/vln_edge_task/envs/vlfm_official5090/lib/python3.9/site-packages/omegaconf/dictconfig.py", line 314, in __setitem__
    self._format_and_raise(key=key, value=value, cause=e)
  File "/home/nd/vln_edge_task/envs/vlfm_official5090/lib/python3.9/site-packages/omegaconf/base.py", line 231, in _format_and_raise
    format_and_raise(
  File "/home/nd/vln_edge_task/envs/vlfm_official5090/lib/python3.9/site-packages/omegaconf/_utils.py", line 899, in format_and_raise
    _raise(ex, cause)
  File "/home/nd/vln_edge_task/envs/vlfm_official5090/lib/python3.9/site-packages/omegaconf/_utils.py", line 797, in _raise
    raise ex.with_traceback(sys.exc_info()[2])  # set env var OC_CAUSE=1 for full trace
  File "/home/nd/vln_edge_task/envs/vlfm_official5090/lib/python3.9/site-packages/omegaconf/dictconfig.py", line 308, in __setitem__
    self.__set_impl(key=key, value=value)
  File "/home/nd/vln_edge_task/envs/vlfm_official5090/lib/python3.9/site-packages/omegaconf/dictconfig.py", line 318, in __set_impl
    self._set_item_impl(key, value)
  File "/home/nd/vln_edge_task/envs/vlfm_official5090/lib/python3.9/site-packages/omegaconf/basecontainer.py", line 545, in _set_item_impl
    self._validate_set(key, value)
  File "/home/nd/vln_edge_task/envs/vlfm_official5090/lib/python3.9/site-packages/omegaconf/dictconfig.py", line 207, in _validate_set
    self._raise_invalid_value(value, value_type, target_type)
  File "/home/nd/vln_edge_task/envs/vlfm_official5090/lib/python3.9/site-packages/omegaconf/dictconfig.py", line 272, in _raise_invalid_value
    raise ValidationError(msg)
hydra.errors.ConfigCompositionException: In 'habitat_baselines/rl/policy/vlfm_policy': ValidationError raised while composing config:
Invalid type assigned: str is not a subclass of PolicyConfig. value: HabitatITMPolicy
    full_key: habitat_baselines.rl.policy.name
    reference_type=Dict[str, PolicyConfig]
    object_type=dict
Could not import groundingdino. This is OK if you are only using the client.
Could not import lavis. This is OK if you are only using the client.
Could not import yolov7. This is OK if you are only using the client.
Could not import lavis. This is OK if you are only using the client.
