Looking in indexes: https://download.pytorch.org/whl/cu128
Collecting torch
  Using cached torch-2.11.0%2Bcu128-cp310-cp310-manylinux_2_28_x86_64.whl.metadata (29 kB)
Collecting torchvision
  Using cached torchvision-0.26.0%2Bcu128-cp310-cp310-manylinux_2_28_x86_64.whl.metadata (5.5 kB)
Collecting torchaudio
  Using cached torchaudio-2.11.0%2Bcu128-cp310-cp310-manylinux_2_28_x86_64.whl.metadata (6.9 kB)
Collecting filelock (from torch)
  Using cached filelock-3.29.0-py3-none-any.whl.metadata (2.0 kB)
Collecting typing-extensions>=4.10.0 (from torch)
  Using cached typing_extensions-4.15.0-py3-none-any.whl.metadata (3.3 kB)
Collecting setuptools<82 (from torch)
  Using cached setuptools-70.2.0-py3-none-any.whl.metadata (5.8 kB)
Collecting sympy>=1.13.3 (from torch)
  Using cached sympy-1.14.0-py3-none-any.whl.metadata (12 kB)
Collecting networkx>=2.5.1 (from torch)
  Using cached networkx-3.4.2-py3-none-any.whl.metadata (6.3 kB)
Collecting jinja2 (from torch)
  Using cached jinja2-3.1.6-py3-none-any.whl.metadata (2.9 kB)
INFO: pip is looking at multiple versions of torch to determine which version is compatible with other requirements. This could take a while.
Collecting torch
  Downloading torch-2.10.0%2Bcu128-cp310-cp310-manylinux_2_28_x86_64.whl.metadata (30 kB)
  Downloading torch-2.9.1%2Bcu128-cp310-cp310-manylinux_2_28_x86_64.whl.metadata (30 kB)
  Downloading torch-2.9.0%2Bcu128-cp310-cp310-manylinux_2_28_x86_64.whl.metadata (30 kB)
  Downloading torch-2.8.0%2Bcu128-cp310-cp310-manylinux_2_28_x86_64.whl.metadata (30 kB)
  Downloading torch-2.7.1%2Bcu128-cp310-cp310-manylinux_2_28_x86_64.whl.metadata (29 kB)
  Downloading torch-2.7.0%2Bcu128-cp310-cp310-manylinux_2_28_x86_64.whl.metadata (29 kB)
ERROR: Cannot install torch==2.10.0+cu128, torch==2.11.0+cu128, torch==2.7.0+cu128, torch==2.7.1+cu128, torch==2.8.0+cu128, torch==2.9.0+cu128 and torch==2.9.1+cu128 because these package versions have conflicting dependencies.

The conflict is caused by:
    torch 2.11.0+cu128 depends on fsspec>=0.8.5
    torch 2.10.0+cu128 depends on fsspec>=0.8.5
    torch 2.9.1+cu128 depends on fsspec>=0.8.5
    torch 2.9.0+cu128 depends on fsspec>=0.8.5
    torch 2.8.0+cu128 depends on fsspec
    torch 2.7.1+cu128 depends on fsspec
    torch 2.7.0+cu128 depends on fsspec

Additionally, some packages in these conflicts have no matching distributions available for your environment:
    fsspec

To fix this you could try to:
1. loosen the range of package versions you've specified
2. remove package versions to allow pip to attempt to solve the dependency conflict

ERROR: ResolutionImpossible: for help visit https://pip.pypa.io/en/latest/topics/dependency-resolution/#dealing-with-dependency-conflicts
