Looking in indexes: https://pypi.tuna.tsinghua.edu.cn/simple
Collecting flask
  Using cached https://pypi.tuna.tsinghua.edu.cn/packages/7f/9c/34f6962f9b9e9c71f6e5ed806e0d0ff03c9d1b0b2340088a0cf4bce09b18/flask-3.1.3-py3-none-any.whl (103 kB)
Collecting flask-cors
  Using cached https://pypi.tuna.tsinghua.edu.cn/packages/49/55/5bb1a2d918e9f02f131e47a59032bae70e48050e986e941511fd737a935c/flask_cors-6.0.5-py3-none-any.whl (16 kB)
Requirement already satisfied: requests in ./envs/vlfm_standard/lib/python3.9/site-packages (2.32.5)
Collecting open3d==0.18.0
  Using cached https://pypi.tuna.tsinghua.edu.cn/packages/e1/36/00032c1f99f67ec9d0afdb4bcb2561f78a9f5feaafdabd1043e12a6f9b6e/open3d-0.18.0-cp39-cp39-manylinux_2_27_x86_64.whl (399.7 MB)
Collecting transformers==4.26.0
  Using cached https://pypi.tuna.tsinghua.edu.cn/packages/b7/1a/ef470ac1ff879b823c718ddc08c5b33ab4e68100b565a7037f8bf3aa98de/transformers-4.26.0-py3-none-any.whl (6.3 MB)
Collecting timm==0.4.12
  Using cached https://pypi.tuna.tsinghua.edu.cn/packages/90/fc/606bc5cf46acac3aa9bd179b3954433c026aaf88ea98d6b19f5d14c336da/timm-0.4.12-py3-none-any.whl (376 kB)
Collecting seaborn==0.12.2
  Using cached https://pypi.tuna.tsinghua.edu.cn/packages/8f/2e/17bbb83fbf102687bb2aa3d808add39da820a7698159302a1a69bb82e01c/seaborn-0.12.2-py3-none-any.whl (293 kB)
Collecting scikit-learn
  Using cached https://pypi.tuna.tsinghua.edu.cn/packages/79/35/b1d2188967c3204c78fa79c9263668cf1b98060e8e58d1a730fe5b2317bb/scikit_learn-1.6.1-cp39-cp39-manylinux_2_17_x86_64.manylinux2014_x86_64.whl (13.5 MB)
Collecting plotly
  Using cached https://pypi.tuna.tsinghua.edu.cn/packages/f9/14/abe5ce876ab5b66ee3c691bf537fcd43d037aea55d447aacf74630a8f31e/plotly-6.8.0-py3-none-any.whl (9.9 MB)
Collecting dash
  Using cached https://pypi.tuna.tsinghua.edu.cn/packages/71/ad/0a230dc6cd85bb38e7fe6acc9fbaeb19ddf16ababcb54038ae81128da591/dash-4.3.0-py3-none-any.whl (8.4 MB)
Collecting nbformat
  Using cached https://pypi.tuna.tsinghua.edu.cn/packages/a9/82/0340caa499416c78e5d8f5f05947ae4bc3cba53c9f038ab6e9ed964e22f1/nbformat-5.10.4-py3-none-any.whl (78 kB)
Collecting configargparse
  Using cached https://pypi.tuna.tsinghua.edu.cn/packages/fe/19/3ba5e1b0bcc7b91aeab6c258afd70e4907d220fed3972febe38feb40db30/configargparse-1.7.5-py3-none-any.whl (27 kB)
Collecting ipywidgets
  Using cached https://pypi.tuna.tsinghua.edu.cn/packages/56/6d/0d9848617b9f753b87f214f1c682592f7ca42de085f564352f10f0843026/ipywidgets-8.1.8-py3-none-any.whl (139 kB)
Collecting addict
  Using cached https://pypi.tuna.tsinghua.edu.cn/packages/6a/00/b08f23b7d7e1e14ce01419a467b583edbb93c6cdb8654e54a9cc579cd61f/addict-2.4.0-py3-none-any.whl (3.8 kB)
Collecting pyquaternion
  Using cached https://pypi.tuna.tsinghua.edu.cn/packages/49/b3/d8482e8cacc8ea15a356efea13d22ce1c5914a9ee36622ba250523240bf2/pyquaternion-0.9.9-py3-none-any.whl (14 kB)
Collecting ftfy
  Using cached https://pypi.tuna.tsinghua.edu.cn/packages/ab/6e/81d47999aebc1b155f81eca4477a616a70f238a2549848c38983f3c22a82/ftfy-6.3.1-py3-none-any.whl (44 kB)
Collecting regex
  Using cached https://pypi.tuna.tsinghua.edu.cn/packages/e7/74/1eb46bde30899825ed9fdf645eba16b7b97c49d12d300f5177989b9a09a4/regex-2026.1.15-cp39-cp39-manylinux2014_x86_64.manylinux_2_17_x86_64.manylinux_2_28_x86_64.whl (791 kB)
Collecting sentencepiece
  Using cached https://pypi.tuna.tsinghua.edu.cn/packages/32/d7/efd7e172875f1329d8ae43e55f853776e332542ecb881a11a6b67d49c98c/sentencepiece-0.2.1-cp39-cp39-manylinux_2_27_x86_64.manylinux_2_28_x86_64.whl (1.4 MB)
Collecting einops
  Using cached https://pypi.tuna.tsinghua.edu.cn/packages/2a/09/f8d8f8f31e4483c10a906437b4ce31bdf3d6d417b73fe33f1a8b59e34228/einops-0.8.2-py3-none-any.whl (65 kB)
Requirement already satisfied: imageio in ./envs/vlfm_standard/lib/python3.9/site-packages (2.37.0)
Requirement already satisfied: imageio-ffmpeg in ./envs/vlfm_standard/lib/python3.9/site-packages (0.6.0)
Collecting psutil
  Using cached https://pypi.tuna.tsinghua.edu.cn/packages/b5/70/5d8df3b09e25bce090399cf48e452d25c935ab72dad19406c77f4e828045/psutil-7.2.2-cp36-abi3-manylinux2010_x86_64.manylinux_2_12_x86_64.manylinux_2_28_x86_64.whl (155 kB)
Collecting tabulate
  Using cached https://pypi.tuna.tsinghua.edu.cn/packages/40/44/4a5f08c96eb108af5cb50b41f76142f0afa346dfa99d5296fe7202a11854/tabulate-0.9.0-py3-none-any.whl (35 kB)
Collecting iopath
  Using cached iopath-0.1.10-py3-none-any.whl
Collecting yacs
  Using cached https://pypi.tuna.tsinghua.edu.cn/packages/38/4f/fe9a4d472aa867878ce3bb7efb16654c5d63672b86dc0e6e953a67018433/yacs-0.1.8-py3-none-any.whl (14 kB)
Collecting pandas
  Downloading https://pypi.tuna.tsinghua.edu.cn/packages/1f/18/aae8c0aa69a386a3255940e9317f793808ea79d0a525a97a903366bb2569/pandas-2.3.3-cp39-cp39-manylinux_2_24_x86_64.manylinux_2_28_x86_64.whl (12.8 MB)
     ━━━━━━━━━━━━━━━━━━━━━━━━━━━━━━━━━━━━━━━━ 12.8/12.8 MB 17.5 MB/s  0:00:00
Requirement already satisfied: tqdm in ./envs/vlfm_standard/lib/python3.9/site-packages (4.67.1)
Requirement already satisfied: pillow in ./envs/vlfm_standard/lib/python3.9/site-packages (9.5.0)
Requirement already satisfied: pyyaml in ./envs/vlfm_standard/lib/python3.9/site-packages (6.0.3)
Requirement already satisfied: numpy>=1.18.0 in ./envs/vlfm_standard/lib/python3.9/site-packages (from open3d==0.18.0) (1.26.4)
Requirement already satisfied: werkzeug>=2.2.3 in ./envs/vlfm_standard/lib/python3.9/site-packages (from open3d==0.18.0) (3.1.8)
Requirement already satisfied: matplotlib>=3 in ./envs/vlfm_standard/lib/python3.9/site-packages (from open3d==0.18.0) (3.3.2)
Requirement already satisfied: filelock in ./envs/vlfm_standard/lib/python3.9/site-packages (from transformers==4.26.0) (3.19.1)
Collecting huggingface-hub<1.0,>=0.11.0 (from transformers==4.26.0)
  Using cached https://pypi.tuna.tsinghua.edu.cn/packages/a8/af/48ac8483240de756d2438c380746e7130d1c6f75802ef22f3c6d49982787/huggingface_hub-0.36.2-py3-none-any.whl (566 kB)
Requirement already satisfied: packaging>=20.0 in ./envs/vlfm_standard/lib/python3.9/site-packages (from transformers==4.26.0) (26.2)
Collecting tokenizers!=0.11.3,<0.14,>=0.11.1 (from transformers==4.26.0)
  Using cached https://pypi.tuna.tsinghua.edu.cn/packages/d6/27/07a337087dd507170a1b20fed3bbf8da81401185a7130a6e74e440c52040/tokenizers-0.13.3-cp39-cp39-manylinux_2_17_x86_64.manylinux2014_x86_64.whl (7.8 MB)
Requirement already satisfied: torch>=1.4 in ./envs/vlfm_standard/lib/python3.9/site-packages (from timm==0.4.12) (2.8.0+cu128)
Requirement already satisfied: torchvision in ./envs/vlfm_standard/lib/python3.9/site-packages (from timm==0.4.12) (0.23.0+cu128)
Requirement already satisfied: fsspec>=2023.5.0 in ./envs/vlfm_standard/lib/python3.9/site-packages (from huggingface-hub<1.0,>=0.11.0->transformers==4.26.0) (2025.10.0)
Collecting hf-xet<2.0.0,>=1.1.3 (from huggingface-hub<1.0,>=0.11.0->transformers==4.26.0)
  Using cached https://pypi.tuna.tsinghua.edu.cn/packages/de/cc/f99f4bc7295023d7bd9ebbfd51f75cc530ca262c1227666268b8208f4b77/hf_xet-1.5.1-cp37-abi3-manylinux2014_x86_64.manylinux_2_17_x86_64.whl (4.5 MB)
Requirement already satisfied: typing-extensions>=3.7.4.3 in ./envs/vlfm_standard/lib/python3.9/site-packages (from huggingface-hub<1.0,>=0.11.0->transformers==4.26.0) (4.14.1)
Collecting blinker>=1.9.0 (from flask)
  Using cached https://pypi.tuna.tsinghua.edu.cn/packages/10/cb/f2ad4230dc2eb1a74edf38f1a38b9b52277f75bef262d8908e60d957e13c/blinker-1.9.0-py3-none-any.whl (8.5 kB)
Requirement already satisfied: click>=8.1.3 in ./envs/vlfm_standard/lib/python3.9/site-packages (from flask) (8.1.8)
Requirement already satisfied: importlib-metadata>=3.6.0 in ./envs/vlfm_standard/lib/python3.9/site-packages (from flask) (8.7.1)
Collecting itsdangerous>=2.2.0 (from flask)
  Using cached https://pypi.tuna.tsinghua.edu.cn/packages/04/96/92447566d16df59b2a776c0fb82dbc4d9e07cd95062562af01e408583fc4/itsdangerous-2.2.0-py3-none-any.whl (16 kB)
Requirement already satisfied: jinja2>=3.1.2 in ./envs/vlfm_standard/lib/python3.9/site-packages (from flask) (3.1.6)
Requirement already satisfied: markupsafe>=2.1.1 in ./envs/vlfm_standard/lib/python3.9/site-packages (from flask) (3.0.3)
Requirement already satisfied: charset_normalizer<4,>=2 in ./envs/vlfm_standard/lib/python3.9/site-packages (from requests) (3.4.7)
Requirement already satisfied: idna<4,>=2.5 in ./envs/vlfm_standard/lib/python3.9/site-packages (from requests) (3.18)
Requirement already satisfied: urllib3<3,>=1.21.1 in ./envs/vlfm_standard/lib/python3.9/site-packages (from requests) (2.6.3)
Requirement already satisfied: certifi>=2017.4.17 in ./envs/vlfm_standard/lib/python3.9/site-packages (from requests) (2025.8.3)
Requirement already satisfied: scipy>=1.6.0 in ./envs/vlfm_standard/lib/python3.9/site-packages (from scikit-learn) (1.13.1)
Collecting joblib>=1.2.0 (from scikit-learn)
  Using cached https://pypi.tuna.tsinghua.edu.cn/packages/7b/91/984aca2ec129e2757d1e4e3c81c3fcda9d0f85b74670a094cc443d9ee949/joblib-1.5.3-py3-none-any.whl (309 kB)
Requirement already satisfied: threadpoolctl>=3.1.0 in ./envs/vlfm_standard/lib/python3.9/site-packages (from scikit-learn) (3.6.0)
Collecting narwhals>=1.15.1 (from plotly)
  Using cached https://pypi.tuna.tsinghua.edu.cn/packages/c7/e1/68c2256b69a314eba133673377ba9118c356f6342a0c02b61de449cf2bf2/narwhals-2.21.0-py3-none-any.whl (451 kB)
Collecting retrying (from dash)
  Using cached https://pypi.tuna.tsinghua.edu.cn/packages/67/f3/6cd296376653270ac1b423bb30bd70942d9916b6978c6f40472d6ac038e7/retrying-1.4.2-py3-none-any.whl (10 kB)
Collecting nest-asyncio (from dash)
  Using cached https://pypi.tuna.tsinghua.edu.cn/packages/a0/c4/c2971a3ba4c6103a3d10c4b0f24f461ddc027f0f09763220cf35ca1401b3/nest_asyncio-1.6.0-py3-none-any.whl (5.2 kB)
Requirement already satisfied: setuptools in ./envs/vlfm_standard/lib/python3.9/site-packages (from dash) (82.0.1)
Collecting janus>=1.0.0 (from dash)
  Using cached https://pypi.tuna.tsinghua.edu.cn/packages/68/34/65604740edcb20e1bda6a890348ed7d282e7dd23aa00401cbe36fd0edbd9/janus-2.0.0-py3-none-any.whl (12 kB)
Collecting pydantic>=2.10 (from dash)
  Using cached https://pypi.tuna.tsinghua.edu.cn/packages/fd/7b/122376b1fd3c62c1ed9dc80c931ace4844b3c55407b6fb2d199377c9736f/pydantic-2.13.4-py3-none-any.whl (472 kB)
Collecting fastjsonschema>=2.15 (from nbformat)
  Using cached https://pypi.tuna.tsinghua.edu.cn/packages/cb/a8/20d0723294217e47de6d9e2e40fd4a9d2f7c4b6ef974babd482a59743694/fastjsonschema-2.21.2-py3-none-any.whl (24 kB)
Collecting jsonschema>=2.6 (from nbformat)
  Using cached https://pypi.tuna.tsinghua.edu.cn/packages/bf/9c/8c95d856233c1f82500c2450b8c68576b4cf1c871db3afac5c34ff84e6fd/jsonschema-4.25.1-py3-none-any.whl (90 kB)
Collecting jupyter-core!=5.0.*,>=4.12 (from nbformat)
  Using cached https://pypi.tuna.tsinghua.edu.cn/packages/2f/57/6bffd4b20b88da3800c5d691e0337761576ee688eb01299eae865689d2df/jupyter_core-5.8.1-py3-none-any.whl (28 kB)
Collecting traitlets>=5.1 (from nbformat)
  Using cached https://pypi.tuna.tsinghua.edu.cn/packages/96/8d/1080ee4c231f361b6ce4470d556c8c435b67c7e0753aaa641497ee92f88b/traitlets-5.15.1-py3-none-any.whl (85 kB)
Collecting comm>=0.1.3 (from ipywidgets)
  Using cached https://pypi.tuna.tsinghua.edu.cn/packages/60/97/891a0971e1e4a8c5d2b20bbe0e524dc04548d2307fee33cdeba148fd4fc7/comm-0.2.3-py3-none-any.whl (7.3 kB)
Collecting ipython>=6.1.0 (from ipywidgets)
  Using cached https://pypi.tuna.tsinghua.edu.cn/packages/47/6b/d9fdcdef2eb6a23f391251fde8781c38d42acd82abe84d054cb74f7863b0/ipython-8.18.1-py3-none-any.whl (808 kB)
Collecting widgetsnbextension~=4.0.14 (from ipywidgets)
  Using cached https://pypi.tuna.tsinghua.edu.cn/packages/3f/0e/fa3b193432cfc60c93b42f3be03365f5f909d2b3ea410295cf36df739e31/widgetsnbextension-4.0.15-py3-none-any.whl (2.2 MB)
Collecting jupyterlab_widgets~=3.0.15 (from ipywidgets)
  Using cached https://pypi.tuna.tsinghua.edu.cn/packages/ab/b5/36c712098e6191d1b4e349304ef73a8d06aed77e56ceaac8c0a306c7bda1/jupyterlab_widgets-3.0.16-py3-none-any.whl (914 kB)
Collecting wcwidth (from ftfy)
  Using cached https://pypi.tuna.tsinghua.edu.cn/packages/bd/6e/95b0e537de1f4d4301f76f944642c6da50d1511cc7b3d64dc418a66c7509/wcwidth-0.8.1-py3-none-any.whl (323 kB)
Collecting portalocker (from iopath)
  Using cached https://pypi.tuna.tsinghua.edu.cn/packages/4b/a6/38c8e2f318bf67d338f4d629e93b0b4b9af331f455f0390ea8ce4a099b26/portalocker-3.2.0-py3-none-any.whl (22 kB)
Requirement already satisfied: python-dateutil>=2.8.2 in ./envs/vlfm_standard/lib/python3.9/site-packages (from pandas) (2.9.0.post0)
Collecting pytz>=2020.1 (from pandas)
  Downloading https://pypi.tuna.tsinghua.edu.cn/packages/ec/dd/96da98f892250475bdf2328112d7468abdd4acc7b902b6af23f4ed958ea0/pytz-2026.2-py2.py3-none-any.whl (510 kB)
Collecting tzdata>=2022.7 (from pandas)
  Downloading https://pypi.tuna.tsinghua.edu.cn/packages/ce/e4/dccd7f47c4b64213ac01ef921a1337ee6e30e8c6466046018326977efd95/tzdata-2026.2-py2.py3-none-any.whl (349 kB)
Requirement already satisfied: zipp>=3.20 in ./envs/vlfm_standard/lib/python3.9/site-packages (from importlib-metadata>=3.6.0->flask) (3.23.1)
Requirement already satisfied: decorator in ./envs/vlfm_standard/lib/python3.9/site-packages (from ipython>=6.1.0->ipywidgets) (5.3.1)
Collecting jedi>=0.16 (from ipython>=6.1.0->ipywidgets)
  Using cached https://pypi.tuna.tsinghua.edu.cn/packages/c0/5a/9cac0c82afec3d09ccd97c8b6502d48f165f9124db81b4bcb90b4af974ee/jedi-0.19.2-py2.py3-none-any.whl (1.6 MB)
Collecting matplotlib-inline (from ipython>=6.1.0->ipywidgets)
  Using cached https://pypi.tuna.tsinghua.edu.cn/packages/41/09/5b161152e2d90f7b87f781c2e1267494aef9c32498df793f73ad0a0a494a/matplotlib_inline-0.2.2-py3-none-any.whl (9.5 kB)
Collecting prompt-toolkit<3.1.0,>=3.0.41 (from ipython>=6.1.0->ipywidgets)
  Using cached https://pypi.tuna.tsinghua.edu.cn/packages/84/03/0d3ce49e2505ae70cf43bc5bb3033955d2fc9f932163e84dc0779cc47f48/prompt_toolkit-3.0.52-py3-none-any.whl (391 kB)
Requirement already satisfied: pygments>=2.4.0 in ./envs/vlfm_standard/lib/python3.9/site-packages (from ipython>=6.1.0->ipywidgets) (2.20.0)
Collecting stack-data (from ipython>=6.1.0->ipywidgets)
  Using cached https://pypi.tuna.tsinghua.edu.cn/packages/f1/7b/ce1eafaf1a76852e2ec9b22edecf1daa58175c090266e9f6c64afcd81d91/stack_data-0.6.3-py3-none-any.whl (24 kB)
Collecting exceptiongroup (from ipython>=6.1.0->ipywidgets)
  Using cached https://pypi.tuna.tsinghua.edu.cn/packages/8a/0e/97c33bf5009bdbac74fd2beace167cab3f978feb69cc36f1ef79360d6c4e/exceptiongroup-1.3.1-py3-none-any.whl (16 kB)
Collecting pexpect>4.3 (from ipython>=6.1.0->ipywidgets)
  Using cached https://pypi.tuna.tsinghua.edu.cn/packages/9e/c3/059298687310d527a58bb01f3b1965787ee3b40dce76752eda8b44e9a2c5/pexpect-4.9.0-py2.py3-none-any.whl (63 kB)
Collecting parso<0.9.0,>=0.8.4 (from jedi>=0.16->ipython>=6.1.0->ipywidgets)
  Using cached https://pypi.tuna.tsinghua.edu.cn/packages/99/5d/8268b644392ee874ee82a635cd0df1773de230bde356c38de28e298392cc/parso-0.8.7-py2.py3-none-any.whl (107 kB)
Requirement already satisfied: attrs>=22.2.0 in ./envs/vlfm_standard/lib/python3.9/site-packages (from jsonschema>=2.6->nbformat) (25.3.0)
Collecting jsonschema-specifications>=2023.03.6 (from jsonschema>=2.6->nbformat)
  Using cached https://pypi.tuna.tsinghua.edu.cn/packages/41/45/1a4ed80516f02155c51f51e8cedb3c1902296743db0bbc66608a0db2814f/jsonschema_specifications-2025.9.1-py3-none-any.whl (18 kB)
Collecting referencing>=0.28.4 (from jsonschema>=2.6->nbformat)
  Using cached https://pypi.tuna.tsinghua.edu.cn/packages/c1/b1/3baf80dc6d2b7bc27a95a67752d0208e410351e3feb4eb78de5f77454d8d/referencing-0.36.2-py3-none-any.whl (26 kB)
Collecting rpds-py>=0.7.1 (from jsonschema>=2.6->nbformat)
  Using cached https://pypi.tuna.tsinghua.edu.cn/packages/74/e5/5903f92e41e293b07707d5bf00ef39a0eb2af7190aff4beaf581a6591510/rpds_py-0.27.1-cp39-cp39-manylinux_2_17_x86_64.manylinux2014_x86_64.whl (384 kB)
Collecting platformdirs>=2.5 (from jupyter-core!=5.0.*,>=4.12->nbformat)
  Using cached https://pypi.tuna.tsinghua.edu.cn/packages/40/4b/2028861e724d3bd36227adfa20d3fd24c3fc6d52032f4a93c133be5d17ce/platformdirs-4.4.0-py3-none-any.whl (18 kB)
Requirement already satisfied: cycler>=0.10 in ./envs/vlfm_standard/lib/python3.9/site-packages (from matplotlib>=3->open3d==0.18.0) (0.12.1)
Requirement already satisfied: kiwisolver>=1.0.1 in ./envs/vlfm_standard/lib/python3.9/site-packages (from matplotlib>=3->open3d==0.18.0) (1.4.7)
Requirement already satisfied: pyparsing!=2.0.4,!=2.1.2,!=2.1.6,>=2.0.3 in ./envs/vlfm_standard/lib/python3.9/site-packages (from matplotlib>=3->open3d==0.18.0) (3.2.3)
Collecting ptyprocess>=0.5 (from pexpect>4.3->ipython>=6.1.0->ipywidgets)
  Using cached https://pypi.tuna.tsinghua.edu.cn/packages/22/a6/858897256d0deac81a172289110f31629fc4cee19b6f01283303e18c8db3/ptyprocess-0.7.0-py2.py3-none-any.whl (13 kB)
Collecting annotated-types>=0.6.0 (from pydantic>=2.10->dash)
  Using cached https://pypi.tuna.tsinghua.edu.cn/packages/78/b6/6307fbef88d9b5ee7421e68d78a9f162e0da4900bc5f5793f6d3d0e34fb8/annotated_types-0.7.0-py3-none-any.whl (13 kB)
Collecting pydantic-core==2.46.4 (from pydantic>=2.10->dash)
  Using cached https://pypi.tuna.tsinghua.edu.cn/packages/65/05/497446a9586d1b2d24ee25ebe208beb15388f1875d783e1e014055d150ac/pydantic_core-2.46.4-cp39-cp39-manylinux_2_17_x86_64.manylinux2014_x86_64.whl (2.1 MB)
Collecting typing-inspection>=0.4.2 (from pydantic>=2.10->dash)
  Using cached https://pypi.tuna.tsinghua.edu.cn/packages/dc/9b/47798a6c91d8bdb567fe2698fe81e0c6b7cb7ef4d13da4114b41d239f65d/typing_inspection-0.4.2-py3-none-any.whl (14 kB)
Requirement already satisfied: six>=1.5 in ./envs/vlfm_standard/lib/python3.9/site-packages (from python-dateutil>=2.8.2->pandas) (1.17.0)
Requirement already satisfied: sympy>=1.13.3 in ./envs/vlfm_standard/lib/python3.9/site-packages (from torch>=1.4->timm==0.4.12) (1.14.0)
Requirement already satisfied: networkx in ./envs/vlfm_standard/lib/python3.9/site-packages (from torch>=1.4->timm==0.4.12) (3.2.1)
Requirement already satisfied: nvidia-cuda-nvrtc-cu12==12.8.93 in ./envs/vlfm_standard/lib/python3.9/site-packages (from torch>=1.4->timm==0.4.12) (12.8.93)
Requirement already satisfied: nvidia-cuda-runtime-cu12==12.8.90 in ./envs/vlfm_standard/lib/python3.9/site-packages (from torch>=1.4->timm==0.4.12) (12.8.90)
Requirement already satisfied: nvidia-cuda-cupti-cu12==12.8.90 in ./envs/vlfm_standard/lib/python3.9/site-packages (from torch>=1.4->timm==0.4.12) (12.8.90)
Requirement already satisfied: nvidia-cudnn-cu12==9.10.2.21 in ./envs/vlfm_standard/lib/python3.9/site-packages (from torch>=1.4->timm==0.4.12) (9.10.2.21)
Requirement already satisfied: nvidia-cublas-cu12==12.8.4.1 in ./envs/vlfm_standard/lib/python3.9/site-packages (from torch>=1.4->timm==0.4.12) (12.8.4.1)
Requirement already satisfied: nvidia-cufft-cu12==11.3.3.83 in ./envs/vlfm_standard/lib/python3.9/site-packages (from torch>=1.4->timm==0.4.12) (11.3.3.83)
Requirement already satisfied: nvidia-curand-cu12==10.3.9.90 in ./envs/vlfm_standard/lib/python3.9/site-packages (from torch>=1.4->timm==0.4.12) (10.3.9.90)
Requirement already satisfied: nvidia-cusolver-cu12==11.7.3.90 in ./envs/vlfm_standard/lib/python3.9/site-packages (from torch>=1.4->timm==0.4.12) (11.7.3.90)
Requirement already satisfied: nvidia-cusparse-cu12==12.5.8.93 in ./envs/vlfm_standard/lib/python3.9/site-packages (from torch>=1.4->timm==0.4.12) (12.5.8.93)
Requirement already satisfied: nvidia-cusparselt-cu12==0.7.1 in ./envs/vlfm_standard/lib/python3.9/site-packages (from torch>=1.4->timm==0.4.12) (0.7.1)
Requirement already satisfied: nvidia-nccl-cu12==2.27.3 in ./envs/vlfm_standard/lib/python3.9/site-packages (from torch>=1.4->timm==0.4.12) (2.27.3)
Requirement already satisfied: nvidia-nvtx-cu12==12.8.90 in ./envs/vlfm_standard/lib/python3.9/site-packages (from torch>=1.4->timm==0.4.12) (12.8.90)
Requirement already satisfied: nvidia-nvjitlink-cu12==12.8.93 in ./envs/vlfm_standard/lib/python3.9/site-packages (from torch>=1.4->timm==0.4.12) (12.8.93)
Requirement already satisfied: nvidia-cufile-cu12==1.13.1.3 in ./envs/vlfm_standard/lib/python3.9/site-packages (from torch>=1.4->timm==0.4.12) (1.13.1.3)
Requirement already satisfied: triton==3.4.0 in ./envs/vlfm_standard/lib/python3.9/site-packages (from torch>=1.4->timm==0.4.12) (3.4.0)
Requirement already satisfied: mpmath<1.4,>=1.1.0 in ./envs/vlfm_standard/lib/python3.9/site-packages (from sympy>=1.13.3->torch>=1.4->timm==0.4.12) (1.3.0)
Collecting executing>=1.2.0 (from stack-data->ipython>=6.1.0->ipywidgets)
  Using cached https://pypi.tuna.tsinghua.edu.cn/packages/c1/ea/53f2148663b321f21b5a606bd5f191517cf40b7072c0497d3c92c4a13b1e/executing-2.2.1-py2.py3-none-any.whl (28 kB)
Collecting asttokens>=2.1.0 (from stack-data->ipython>=6.1.0->ipywidgets)
  Using cached https://pypi.tuna.tsinghua.edu.cn/packages/d2/39/e7eaf1799466a4aef85b6a4fe7bd175ad2b1c6345066aa33f1f58d4b18d0/asttokens-3.0.1-py3-none-any.whl (27 kB)
Collecting pure-eval (from stack-data->ipython>=6.1.0->ipywidgets)
  Using cached https://pypi.tuna.tsinghua.edu.cn/packages/8e/37/efad0257dc6e593a18957422533ff0f87ede7c9c6ea010a2177d738fb82f/pure_eval-0.2.3-py3-none-any.whl (11 kB)
Installing collected packages: tokenizers, pytz, pure-eval, ptyprocess, fastjsonschema, addict, yacs, widgetsnbextension, wcwidth, tzdata, typing-inspection, traitlets, tabulate, sentencepiece, rpds-py, retrying, regex, pyquaternion, pydantic-core, psutil, portalocker, platformdirs, pexpect, parso, nest-asyncio, narwhals, jupyterlab_widgets, joblib, janus, itsdangerous, hf-xet, executing, exceptiongroup, einops, configargparse, comm, blinker, asttokens, annotated-types, stack-data, scikit-learn, referencing, pydantic, prompt-toolkit, plotly, pandas, matplotlib-inline, jupyter-core, jedi, iopath, huggingface-hub, ftfy, flask, transformers, seaborn, jsonschema-specifications, ipython, flask-cors, dash, jsonschema, ipywidgets, timm, nbformat, open3d

ERROR: pip's dependency resolver does not currently take into account all the packages that are installed. This behaviour is the source of the following dependency conflicts.
vlfm 0.1 requires depth_camera_filtering @ git+https://github.com/naokiyokoyama/depth_camera_filtering, which is not installed.
vlfm 0.1 requires frontier_exploration @ git+https://github.com/naokiyokoyama/frontier_exploration.git, which is not installed.
vlfm 0.1 requires mobile_sam @ git+https://github.com/ChaoningZhang/MobileSAM.git, which is not installed.
vlfm 0.1 requires torch==1.12.1, but you have torch 2.8.0+cu128 which is incompatible.
vlfm 0.1 requires torchvision==0.13.1, but you have torchvision 0.23.0+cu128 which is incompatible.
Successfully installed addict-2.4.0 annotated-types-0.7.0 asttokens-3.0.1 blinker-1.9.0 comm-0.2.3 configargparse-1.7.5 dash-4.3.0 einops-0.8.2 exceptiongroup-1.3.1 executing-2.2.1 fastjsonschema-2.21.2 flask-3.1.3 flask-cors-6.0.5 ftfy-6.3.1 hf-xet-1.5.1 huggingface-hub-0.36.2 iopath-0.1.10 ipython-8.18.1 ipywidgets-8.1.8 itsdangerous-2.2.0 janus-2.0.0 jedi-0.19.2 joblib-1.5.3 jsonschema-4.25.1 jsonschema-specifications-2025.9.1 jupyter-core-5.8.1 jupyterlab_widgets-3.0.16 matplotlib-inline-0.2.2 narwhals-2.21.0 nbformat-5.10.4 nest-asyncio-1.6.0 open3d-0.18.0 pandas-2.3.3 parso-0.8.7 pexpect-4.9.0 platformdirs-4.4.0 plotly-6.8.0 portalocker-3.2.0 prompt-toolkit-3.0.52 psutil-7.2.2 ptyprocess-0.7.0 pure-eval-0.2.3 pydantic-2.13.4 pydantic-core-2.46.4 pyquaternion-0.9.9 pytz-2026.2 referencing-0.36.2 regex-2026.1.15 retrying-1.4.2 rpds-py-0.27.1 scikit-learn-1.6.1 seaborn-0.12.2 sentencepiece-0.2.1 stack-data-0.6.3 tabulate-0.9.0 timm-0.4.12 tokenizers-0.13.3 traitlets-5.15.1 transformers-4.26.0 typing-inspection-0.4.2 tzdata-2026.2 wcwidth-0.8.1 widgetsnbextension-4.0.15 yacs-0.1.8
